<?xml version="1.0" encoding="UTF-8"?>
<!-- Generated by org.testng.reporters.JUnitXMLReporter -->
<testsuite hostname="QTLSYS0-225" ignored="14" name="Test" tests="1" failures="0" timestamp="23 Sep 2020 08:57:38 GMT" time="777.453" errors="0">
  <testcase name="QC_Online_NVPDL_ACH_DC_Txn_Testdata" time="761.391" classname="tests.QCStore"/>
  <testcase name="QC_Sprint_Online_MOPDL_DC_CashAtStore_Txn_Testdata" time="0.0" classname="tests.QCStore">
    <ignored/>
  </testcase> <!-- QC_Sprint_Online_MOPDL_DC_CashAtStore_Txn_Testdata -->
  <testcase name="QC_KSLOC_Default_PartialPaymentOnline_Txn_Testdata" time="0.0" classname="tests.QCStore">
    <ignored/>
  </testcase> <!-- QC_KSLOC_Default_PartialPaymentOnline_Txn_Testdata -->
  <testcase name="QC_Online_ILPDL_DC_CashAtStore_Txn_Testdata" time="0.0" classname="tests.QCStore">
    <ignored/>
  </testcase> <!-- QC_Online_ILPDL_DC_CashAtStore_Txn_Testdata -->
  <testcase name="QC_Online_ILPDL_DC_ACH_Txn_Testdata" time="0.0" classname="tests.QCStore">
    <ignored/>
  </testcase> <!-- QC_Online_ILPDL_DC_ACH_Txn_Testdata -->
  <testcase name="QC_Online_ILPDL_ACH_CashAtStore_Txn_Testdata" time="0.0" classname="tests.QCStore">
    <ignored/>
  </testcase> <!-- QC_Online_ILPDL_ACH_CashAtStore_Txn_Testdata -->
  <testcase name="QC_Online_NVPDL_ACH_Txn_Testdata" time="0.0" classname="tests.QCStore">
    <ignored/>
  </testcase> <!-- QC_Online_NVPDL_ACH_Txn_Testdata -->
  <testcase name="QC_Sprint_Online_MOPDL_ACH_CashAtStore_Txn_Testdata" time="0.0" classname="tests.QCStore">
    <ignored/>
  </testcase> <!-- QC_Sprint_Online_MOPDL_ACH_CashAtStore_Txn_Testdata -->
  <testcase name="QC_Sprint_Online_MOPDL_DC_ACH_Txn_Testdata" time="0.0" classname="tests.QCStore">
    <ignored/>
  </testcase> <!-- QC_Sprint_Online_MOPDL_DC_ACH_Txn_Testdata -->
  <testcase name="QC_Online_ILPDL_ACH_Txn_Testdata" time="0.0" classname="tests.QCStore">
    <ignored/>
  </testcase> <!-- QC_Online_ILPDL_ACH_Txn_Testdata -->
  <testcase name="QC_Sprint_Online_MOPDL_ACH_Txn_Testdata" time="0.0" classname="tests.QCStore">
    <ignored/>
  </testcase> <!-- QC_Sprint_Online_MOPDL_ACH_Txn_Testdata -->
  <testcase name="QC_Sprint_Online_LAPDL_ACH_DC_Txn_Testdata" time="0.0" classname="tests.QCStore">
    <ignored/>
  </testcase> <!-- QC_Sprint_Online_LAPDL_ACH_DC_Txn_Testdata -->
  <testcase name="QC_Sprint_Online_LAPDL_ACH_Txn_Testdata" time="0.0" classname="tests.QCStore">
    <ignored/>
  </testcase> <!-- QC_Sprint_Online_LAPDL_ACH_Txn_Testdata -->
  <testcase name="QC_Online_TXPDL_ACH_Txn_Testdata" time="0.0" classname="tests.QCStore">
    <ignored/>
  </testcase> <!-- QC_Online_TXPDL_ACH_Txn_Testdata -->
  <testcase name="QC_Online_TXPDL_ACH_DC_Txn_Testdata" time="0.0" classname="tests.QCStore">
    <ignored/>
  </testcase> <!-- QC_Online_TXPDL_ACH_DC_Txn_Testdata -->
</testsuite> <!-- Test -->
