<?xml version="1.0" encoding="UTF-8"?>
<testng-results skipped="0" failed="0" ignored="14" total="15" passed="1">
  <reporter-output>
  </reporter-output>
  <suite name="Suite" duration-ms="777453" started-at="2020-09-23T08:44:40Z" finished-at="2020-09-23T08:57:38Z">
    <groups>
      <group name="Ratikanta_Online_NVPDL_1">
        <method signature="QCStore.QC_Online_NVPDL_ACH_DC_Txn_Testdata()[pri:2, instance:tests.QCStore@5f9d02cb]" name="QC_Online_NVPDL_ACH_DC_Txn_Testdata" class="tests.QCStore"/>
      </group> <!-- Ratikanta_Online_NVPDL_1 -->
    </groups>
    <test name="Test" duration-ms="777453" started-at="2020-09-23T08:44:40Z" finished-at="2020-09-23T08:57:38Z">
      <class name="tests.QCStore">
        <test-method status="PASS" signature="setup()[pri:0, instance:tests.QCStore@5f9d02cb]" name="setup" is-config="true" duration-ms="10282" started-at="2020-09-23T08:44:40Z" finished-at="2020-09-23T08:44:51Z">
          <reporter-output>
          </reporter-output>
        </test-method> <!-- setup -->
        <test-method status="PASS" signature="killProcess()[pri:0, instance:tests.QCStore@5f9d02cb]" name="killProcess" is-config="true" duration-ms="5015" started-at="2020-09-23T08:44:51Z" finished-at="2020-09-23T08:44:56Z">
          <reporter-output>
          </reporter-output>
        </test-method> <!-- killProcess -->
        <test-method status="PASS" signature="QC_Online_NVPDL_ACH_DC_Txn_Testdata()[pri:2, instance:tests.QCStore@5f9d02cb]" name="QC_Online_NVPDL_ACH_DC_Txn_Testdata" duration-ms="761391" started-at="2020-09-23T08:44:56Z" finished-at="2020-09-23T08:57:37Z">
          <reporter-output>
          </reporter-output>
        </test-method> <!-- QC_Online_NVPDL_ACH_DC_Txn_Testdata -->
        <test-method status="PASS" signature="getResult(org.testng.ITestResult)[pri:0, instance:tests.QCStore@5f9d02cb]" name="getResult" is-config="true" duration-ms="750" started-at="2020-09-23T08:57:37Z" finished-at="2020-09-23T08:57:38Z">
          <params>
            <param index="0">
              <value>
                <![CDATA[[TestResult name=QC_Online_NVPDL_ACH_DC_Txn_Testdata status=SUCCESS method=QCStore.QC_Online_NVPDL_ACH_DC_Txn_Testdata()[pri:2, instance:tests.QCStore@5f9d02cb] output={null}]]]>
              </value>
            </param>
          </params>
          <reporter-output>
          </reporter-output>
        </test-method> <!-- getResult -->
        <test-method status="PASS" signature="endReport()[pri:0, instance:tests.QCStore@5f9d02cb]" name="endReport" is-config="true" duration-ms="0" started-at="2020-09-23T08:57:37Z" finished-at="2020-09-23T08:57:37Z">
          <reporter-output>
          </reporter-output>
        </test-method> <!-- endReport -->
      </class> <!-- tests.QCStore -->
    </test> <!-- Test -->
  </suite> <!-- Suite -->
</testng-results>
